2024-03-17 15:07:59,944 - INFO - Data ingestion started
2024-03-17 15:07:59,944 - INFO - Ingesting NYC TLC Yellow taxi data from 2017-01-25 00:00:00 to 2017-01-28 00:00:00
2024-03-17 15:07:59,944 - INFO - Could not load the run context. Logging offline
2024-03-17 15:08:00,302 - INFO - Sending 1964 bytes
2024-03-17 15:08:00,303 - INFO - Finish uploading in 0.348045 seconds.
2024-03-17 15:08:17,640 - INFO - Data ingested Succesfully
2024-03-17 15:08:17,663 - INFO - Data ingestion ended
2024-03-17 15:08:17,663 - INFO - Data cleansing started
2024-03-17 15:11:30,572 - INFO - Data ingestion started
2024-03-17 15:11:30,573 - INFO - Ingesting NYC TLC Yellow taxi data from 2017-01-25 00:00:00 to 2017-01-28 00:00:00
2024-03-17 15:11:30,573 - INFO - Could not load the run context. Logging offline
2024-03-17 15:11:30,882 - INFO - Sending 1964 bytes
2024-03-17 15:11:30,882 - INFO - Finish uploading in 0.300429 seconds.
2024-03-17 15:11:49,167 - INFO - Data ingested Succesfully
2024-03-17 15:11:49,203 - INFO - Data ingestion ended
2024-03-17 15:11:49,203 - INFO - Data cleansing started
2024-03-17 15:12:22,234 - INFO - Data ingestion started
2024-03-17 15:12:22,234 - INFO - Ingesting NYC TLC Yellow taxi data from 2017-01-25 00:00:00 to 2017-01-28 00:00:00
2024-03-17 15:12:22,234 - INFO - Could not load the run context. Logging offline
2024-03-17 15:12:22,580 - INFO - Sending 1964 bytes
2024-03-17 15:12:22,582 - INFO - Finish uploading in 0.340109 seconds.
2024-03-17 15:12:40,778 - INFO - Data ingested Succesfully
2024-03-17 15:12:40,801 - INFO - Data ingestion ended
2024-03-17 15:12:40,801 - INFO - Data cleansing started
2024-03-17 15:12:42,112 - INFO - Data cleansing ended
2024-03-17 15:12:42,112 - INFO - Data quality check started
2024-03-17 15:12:42,797 - INFO - Data quality check ended
2024-03-17 15:12:42,797 - INFO - Data transformation check started
2024-03-17 15:12:43,183 - INFO - Data transformation ended
2024-03-17 15:23:12,383 - INFO - Data ingestion started
2024-03-17 15:23:12,383 - INFO - Ingesting NYC TLC Yellow taxi data from 2017-01-25 00:00:00 to 2017-01-28 00:00:00
2024-03-17 15:23:12,383 - INFO - Could not load the run context. Logging offline
2024-03-17 15:23:12,702 - INFO - Sending 1964 bytes
2024-03-17 15:23:12,703 - INFO - Finish uploading in 0.313248 seconds.
2024-03-17 15:23:31,403 - INFO - Data ingested Succesfully
2024-03-17 15:23:31,426 - INFO - Data ingestion ended
2024-03-17 15:23:31,426 - INFO - Data cleansing started
2024-03-17 15:23:32,809 - INFO - Data cleansing ended
2024-03-17 15:23:32,809 - INFO - Data quality check started
2024-03-17 15:23:33,493 - INFO - Data quality check ended
2024-03-17 15:23:33,494 - INFO - Data transformation check started
2024-03-17 15:24:18,345 - INFO - Data ingestion started
2024-03-17 15:24:18,346 - INFO - Ingesting NYC TLC Yellow taxi data from 2017-01-25 00:00:00 to 2017-01-28 00:00:00
2024-03-17 15:24:18,346 - INFO - Could not load the run context. Logging offline
2024-03-17 15:24:18,670 - INFO - Sending 1964 bytes
2024-03-17 15:24:18,670 - INFO - Finish uploading in 0.316995 seconds.
2024-03-17 15:24:38,326 - INFO - Data ingested Succesfully
2024-03-17 15:24:38,349 - INFO - Data ingestion ended
2024-03-17 15:24:38,349 - INFO - Data cleansing started
2024-03-17 15:24:39,689 - INFO - Data cleansing ended
2024-03-17 15:24:39,689 - INFO - Data quality check started
2024-03-17 15:24:40,381 - INFO - Data quality check ended
2024-03-17 15:24:40,381 - INFO - Data transformation check started
2024-03-17 15:24:40,803 - INFO - Data transformation ended
2024-03-17 15:29:25,915 - INFO - Data ingestion started
2024-03-17 15:29:25,915 - INFO - Ingesting NYC TLC Yellow taxi data from 2017-01-25 00:00:00 to 2017-01-28 00:00:00
2024-03-17 15:29:25,915 - INFO - Could not load the run context. Logging offline
2024-03-17 15:29:26,224 - INFO - Sending 1964 bytes
2024-03-17 15:29:26,225 - INFO - Finish uploading in 0.302419 seconds.
2024-03-17 15:29:44,562 - INFO - Data ingested Succesfully
2024-03-17 15:29:44,585 - INFO - Data ingestion ended
2024-03-17 15:29:44,585 - INFO - Data cleansing started
2024-03-17 15:29:46,037 - INFO - Data cleansing ended
2024-03-17 15:29:46,037 - INFO - Data quality check started
2024-03-17 15:29:46,731 - INFO - Data quality check ended
2024-03-17 15:29:46,731 - INFO - Data transformation check started
2024-03-17 15:29:47,101 - INFO - Data transformation ended
2024-03-17 15:36:58,244 - INFO - Data ingestion started
2024-03-17 15:36:58,244 - INFO - Ingesting NYC TLC Yellow taxi data from 2017-01-25 00:00:00 to 2017-01-28 00:00:00
2024-03-17 15:36:58,244 - INFO - Could not load the run context. Logging offline
2024-03-17 15:36:58,596 - INFO - Sending 1964 bytes
2024-03-17 15:36:58,596 - INFO - Finish uploading in 0.343056 seconds.
2024-03-17 15:37:17,796 - INFO - Data ingested Succesfully
2024-03-17 15:37:17,816 - INFO - Data ingestion ended
2024-03-17 15:37:17,816 - INFO - Data cleansing started
2024-03-17 15:37:19,200 - INFO - Data cleansing ended
2024-03-17 15:37:19,201 - INFO - Data quality check started
2024-03-17 15:37:19,955 - INFO - Data quality check ended
2024-03-17 15:37:19,955 - INFO - Data transformation check started
2024-03-17 15:37:20,335 - INFO - Data transformation ended
2024-03-18 11:37:29,069 - INFO - Data ingestion started
2024-03-18 11:37:29,070 - INFO - Ingesting NYC TLC Yellow taxi data from 2017-05-25 00:00:00 to 2017-06-02 00:00:00
2024-03-18 11:37:29,070 - INFO - Could not load the run context. Logging offline
2024-03-18 11:37:29,433 - INFO - Sending 1964 bytes
2024-03-18 11:37:29,433 - INFO - Finish uploading in 0.355865 seconds.
2024-03-18 11:37:58,127 - INFO - Data ingested Succesfully
2024-03-18 11:37:58,179 - INFO - Data ingestion ended
2024-03-18 11:37:58,179 - INFO - Data cleansing started
2024-03-18 11:38:01,229 - INFO - Data cleansing ended
2024-03-18 11:38:01,337 - INFO - Data quality check started
2024-03-18 11:38:02,760 - INFO - Data quality check ended
2024-03-18 11:38:02,761 - INFO - Data transformation check started
2024-03-18 11:38:03,573 - INFO - Data transformation ended
2024-03-18 11:39:01,167 - INFO - Data ingestion started
2024-03-18 11:39:01,167 - INFO - Ingesting NYC TLC Yellow taxi data from 2017-05-29 00:00:00 to 2017-06-01 00:00:00
2024-03-18 11:39:01,168 - INFO - Could not load the run context. Logging offline
2024-03-18 11:39:01,543 - INFO - Sending 1964 bytes
2024-03-18 11:39:01,543 - INFO - Finish uploading in 0.368410 seconds.
2024-03-18 11:39:27,390 - INFO - Data ingested Succesfully
2024-03-18 11:39:27,408 - INFO - Data ingestion ended
2024-03-18 11:39:27,408 - INFO - Data cleansing started
2024-03-18 11:39:28,461 - INFO - Data cleansing ended
2024-03-18 11:39:28,496 - INFO - Data quality check started
2024-03-18 11:39:29,095 - INFO - Data quality check ended
2024-03-18 11:39:29,095 - INFO - Data transformation check started
2024-03-18 11:39:29,398 - INFO - Data transformation ended
2024-03-18 12:36:24,426 - INFO - Data ingestion started
2024-03-18 12:36:24,426 - INFO - Ingesting NYC TLC Yellow taxi data from 2017-05-29 00:00:00 to 2017-06-01 00:00:00
2024-03-18 12:36:24,426 - INFO - Could not load the run context. Logging offline
2024-03-18 12:36:24,788 - INFO - Sending 1964 bytes
2024-03-18 12:36:24,788 - INFO - Finish uploading in 0.355809 seconds.
2024-03-18 12:36:48,702 - INFO - Data ingested Succesfully
2024-03-18 12:36:48,719 - INFO - Data ingestion ended
2024-03-18 12:37:44,856 - INFO - Data ingestion started
2024-03-18 12:37:44,857 - INFO - Ingesting NYC TLC Yellow taxi data from 2017-05-29 00:00:00 to 2017-06-01 00:00:00
2024-03-18 12:37:44,857 - INFO - Could not load the run context. Logging offline
2024-03-18 12:37:45,248 - INFO - Sending 1964 bytes
2024-03-18 12:37:45,249 - INFO - Finish uploading in 0.384444 seconds.
2024-03-18 12:38:08,565 - INFO - Data ingested Succesfully
2024-03-18 12:38:08,581 - INFO - Data ingestion ended
2024-03-18 12:38:08,739 - INFO - Data quality check started
2024-03-18 12:38:08,739 - INFO - Data quality check ended
2024-03-18 12:38:08,740 - INFO - Data transformation check started
2024-03-18 12:38:08,740 - INFO - Data transformation ended
2024-03-18 12:40:22,962 - INFO - Data ingestion started
2024-03-18 12:40:22,963 - INFO - Ingesting NYC TLC Yellow taxi data from 2017-05-29 00:00:00 to 2017-06-01 00:00:00
2024-03-18 12:40:22,963 - INFO - Could not load the run context. Logging offline
2024-03-18 12:40:23,335 - INFO - Sending 1964 bytes
2024-03-18 12:40:23,336 - INFO - Finish uploading in 0.366422 seconds.
2024-03-18 12:40:47,209 - INFO - Data ingested Succesfully
2024-03-18 12:40:47,227 - INFO - Data ingestion ended
2024-03-18 12:40:47,374 - INFO - Data quality check started
2024-03-18 12:42:28,985 - INFO - Data ingestion started
2024-03-18 12:42:28,985 - INFO - Ingesting NYC TLC Yellow taxi data from 2017-05-29 00:00:00 to 2017-06-01 00:00:00
2024-03-18 12:42:28,985 - INFO - Could not load the run context. Logging offline
2024-03-18 12:42:29,338 - INFO - Sending 1964 bytes
2024-03-18 12:42:29,339 - INFO - Finish uploading in 0.345437 seconds.
2024-03-18 12:42:51,876 - INFO - Data ingested Succesfully
2024-03-18 12:42:51,895 - INFO - Data ingestion ended
2024-03-18 12:42:52,053 - INFO - Data quality check started
2024-03-18 12:44:01,255 - INFO - Data ingestion started
2024-03-18 12:44:01,255 - INFO - Ingesting NYC TLC Yellow taxi data from 2017-05-29 00:00:00 to 2017-06-01 00:00:00
2024-03-18 12:44:01,255 - INFO - Could not load the run context. Logging offline
2024-03-18 12:44:01,613 - INFO - Sending 1964 bytes
2024-03-18 12:44:01,614 - INFO - Finish uploading in 0.350918 seconds.
2024-03-18 12:44:23,873 - INFO - Data ingested Succesfully
2024-03-18 12:44:23,891 - INFO - Data ingestion ended
2024-03-18 12:44:24,061 - INFO - Data quality check started
2024-03-18 12:49:38,591 - INFO - Data quality check ended
2024-03-18 12:49:38,591 - INFO - Data transformation check started
2024-03-18 12:49:38,591 - INFO - Data transformation ended
2024-03-18 12:49:47,484 - INFO - Data ingestion started
2024-03-18 12:49:47,485 - INFO - Ingesting NYC TLC Yellow taxi data from 2017-05-29 00:00:00 to 2017-06-01 00:00:00
2024-03-18 12:49:47,485 - INFO - Could not load the run context. Logging offline
2024-03-18 12:49:47,811 - INFO - Sending 1964 bytes
2024-03-18 12:49:47,812 - INFO - Finish uploading in 0.319406 seconds.
2024-03-18 12:50:12,698 - INFO - Data ingested Succesfully
2024-03-18 12:50:12,717 - INFO - Data ingestion ended
2024-03-18 12:50:12,868 - INFO - Data quality check started
2024-03-18 12:55:17,324 - INFO - Data quality check ended
2024-03-18 12:55:17,324 - INFO - Data transformation check started
2024-03-18 12:55:17,325 - INFO - Data transformation ended
2024-03-18 12:55:25,929 - INFO - Data ingestion started
2024-03-18 12:55:25,929 - INFO - Ingesting NYC TLC Yellow taxi data from 2017-05-29 00:00:00 to 2017-06-01 00:00:00
2024-03-18 12:55:25,929 - INFO - Could not load the run context. Logging offline
2024-03-18 12:55:26,259 - INFO - Sending 1964 bytes
2024-03-18 12:55:26,260 - INFO - Finish uploading in 0.322488 seconds.
2024-03-18 12:55:50,123 - INFO - Error while ingesting data: name 'landing_zone_path' is not defined
2024-03-18 12:56:38,769 - INFO - Data ingestion started
2024-03-18 12:56:38,770 - INFO - Ingesting NYC TLC Yellow taxi data from 2017-05-29 00:00:00 to 2017-06-01 00:00:00
2024-03-18 12:56:38,770 - INFO - Could not load the run context. Logging offline
2024-03-18 12:56:39,084 - INFO - Sending 1964 bytes
2024-03-18 12:56:39,084 - INFO - Finish uploading in 0.305926 seconds.
2024-03-18 12:57:03,910 - INFO - Data ingested Succesfully
2024-03-18 12:57:03,931 - INFO - Data ingestion ended
2024-03-18 12:57:04,096 - INFO - Data quality check started
2024-03-18 13:00:40,896 - INFO - Data quality check ended
2024-03-18 13:00:40,896 - INFO - Data transformation check started
2024-03-18 13:00:40,897 - INFO - Data transformation ended
2024-03-18 13:00:48,351 - INFO - Data ingestion started
2024-03-18 13:00:48,351 - INFO - Ingesting NYC TLC Yellow taxi data from 2017-05-29 00:00:00 to 2017-06-01 00:00:00
2024-03-18 13:00:48,352 - INFO - Could not load the run context. Logging offline
2024-03-18 13:00:48,691 - INFO - Sending 1964 bytes
2024-03-18 13:00:48,691 - INFO - Finish uploading in 0.331810 seconds.
2024-03-18 13:01:20,937 - INFO - Data ingested Succesfully
2024-03-18 13:01:20,954 - INFO - Data ingestion ended
2024-03-18 13:01:22,843 - INFO - Data quality check started
2024-03-18 13:01:52,990 - INFO - Data quality check ended
2024-03-18 13:01:52,990 - INFO - Data transformation check started
2024-03-18 13:01:52,990 - INFO - Data transformation ended
2024-03-18 13:02:18,291 - INFO - Data ingestion started
2024-03-18 13:02:18,291 - INFO - Ingesting NYC TLC Yellow taxi data from 2017-05-29 00:00:00 to 2017-06-01 00:00:00
2024-03-18 13:02:18,292 - INFO - Could not load the run context. Logging offline
2024-03-18 13:02:18,713 - INFO - Sending 1964 bytes
2024-03-18 13:02:18,714 - INFO - Finish uploading in 0.415334 seconds.
2024-03-18 13:02:44,319 - INFO - Data ingested Succesfully
2024-03-18 13:02:44,336 - INFO - Data ingestion ended
2024-03-18 13:02:46,246 - INFO - Data quality check started
2024-03-18 13:04:40,619 - INFO - Data quality check ended
2024-03-18 13:04:40,619 - INFO - Data transformation check started
2024-03-18 13:04:40,619 - INFO - Data transformation ended
2024-03-18 13:05:49,038 - INFO - Data ingestion started
2024-03-18 13:05:49,039 - INFO - Ingesting NYC TLC Yellow taxi data from 2017-05-29 00:00:00 to 2017-06-01 00:00:00
2024-03-18 13:05:49,039 - INFO - Could not load the run context. Logging offline
2024-03-18 13:05:49,366 - INFO - Sending 1964 bytes
2024-03-18 13:05:49,366 - INFO - Finish uploading in 0.319105 seconds.
2024-03-18 13:06:14,431 - INFO - Data ingested Succesfully
2024-03-18 13:06:14,449 - INFO - Data ingestion ended
2024-03-18 13:06:16,399 - INFO - Data quality check started
2024-03-18 13:08:08,501 - INFO - Data quality check ended
2024-03-18 13:08:08,501 - INFO - Data transformation check started
2024-03-18 13:08:08,501 - INFO - Data transformation ended
2024-03-18 13:11:04,115 - INFO - Data ingestion started
2024-03-18 13:11:04,115 - INFO - Ingesting NYC TLC Yellow taxi data from 2017-05-29 00:00:00 to 2017-06-01 00:00:00
2024-03-18 13:11:04,115 - INFO - Could not load the run context. Logging offline
2024-03-18 13:11:04,511 - INFO - Sending 1964 bytes
2024-03-18 13:11:04,512 - INFO - Finish uploading in 0.388445 seconds.
2024-03-18 13:11:28,797 - INFO - Data ingested Succesfully
2024-03-18 13:11:28,816 - INFO - Data ingestion ended
2024-03-18 13:11:30,778 - INFO - Data quality check started
2024-03-18 13:11:31,641 - INFO - Data quality check ended
2024-03-18 13:11:31,641 - INFO - Data transformation check started
2024-03-18 13:11:32,017 - INFO - Data transformation ended
